27.10.2019 04:14:00: infiSTAR_PlayerConnected_id: 0
27.10.2019 04:14:00: infiSTAR_PlayerDisconnected_id: 0
27.10.2019 04:15:42: 0h 2min | Connected: Josh Bernstein(76561198071574538 - 4) - time: 101.035 - serverFPS: 45.1977
27.10.2019 04:25:37: 0h 12min | Disconnected: Josh Bernstein(76561198071574538 - 4) - time: 696.486 - serverFPS: 45.3258
27.10.2019 04:39:35: infiSTAR_PlayerConnected_id: 0
27.10.2019 04:39:35: infiSTAR_PlayerDisconnected_id: 0
27.10.2019 04:43:24: 0h 4min | Connected: Josh Bernstein(76561198071574538 - 4) - time: 228.495 - serverFPS: 45.7143
27.10.2019 04:44:02: 0h 5min | Disconnected: Josh Bernstein(76561198071574538 - 4) - time: 267.19 - serverFPS: 45.4545
27.10.2019 04:53:49: 0h 15min | Connected: Josh Bernstein(76561198071574538 - 4) - time: 854.418 - serverFPS: 45.3258
27.10.2019 05:06:43: 0h 27min | Disconnected: Josh Bernstein(76561198071574538 - 4) - time: 1628.06 - serverFPS: 45.584
27.10.2019 20:47:13: infiSTAR_PlayerConnected_id: 0
27.10.2019 20:47:13: infiSTAR_PlayerDisconnected_id: 0
27.10.2019 20:49:31: 0h 3min | Connected: Josh Bernstein(76561198071574538 - 4) - time: 137.246 - serverFPS: 45.4545
27.10.2019 21:34:49: 0h 48min | Disconnected: Josh Bernstein(76561198071574538 - 4) - time: 2855.2 - serverFPS: 45.3258
27.10.2019 21:52:32: infiSTAR_PlayerConnected_id: 0
27.10.2019 21:52:32: infiSTAR_PlayerDisconnected_id: 0
27.10.2019 21:59:14: 0h 7min | Connected: Josh Bernstein(76561198071574538 - 4) - time: 402.52 - serverFPS: 45.7143
27.10.2019 22:04:24: 0h 12min | Disconnected: Josh Bernstein(76561198071574538 - 4) - time: 712.545 - serverFPS: 45.1977
27.10.2019 22:12:48: 0h 21min | Connected: Josh Bernstein(76561198071574538 - 5) - time: 1215.61 - serverFPS: 45.4545
27.10.2019 22:13:04: 0h 21min | Disconnected: Josh Bernstein(76561198071574538 - 5) - time: 1232.34 - serverFPS: 45.1977
27.10.2019 22:15:02: 0h 23min | Connected: Josh Bernstein(76561198071574538 - 6) - time: 1349.47 - serverFPS: 45.4545
27.10.2019 22:25:02: infiSTAR_PlayerConnected_id: 0
27.10.2019 22:25:02: infiSTAR_PlayerDisconnected_id: 0
27.10.2019 22:25:38: 0h 1min | Connected: Josh Bernstein(76561198071574538 - 4) - time: 35.964 - serverFPS: 45.4545
27.10.2019 22:30:04: 0h 5min | Disconnected: Josh Bernstein(76561198071574538 - 4) - time: 301.833 - serverFPS: 45.4545
27.10.2019 22:49:12: 0h 24min | Connected: Josh Bernstein(76561198071574538 - 5) - time: 1450.51 - serverFPS: 45.584
27.10.2019 22:50:46: 0h 26min | Connected: Jackson(76561198192442694 - 6) - time: 1543.92 - serverFPS: 45.4545
27.10.2019 22:55:29: 0h 31min | Disconnected: Josh Bernstein(76561198071574538 - 5) - time: 1827 - serverFPS: 45.3258
27.10.2019 22:55:55: 0h 31min | Connected: Josh Bernstein(76561198071574538 - 5) - time: 1853.32 - serverFPS: 45.4545
27.10.2019 22:56:55: 0h 32min | Disconnected: Josh Bernstein(76561198071574538 - 5) - time: 1912.7 - serverFPS: 45.4545
27.10.2019 22:58:11: 0h 33min | Disconnected: Jackson(76561198192442694 - 6) - time: 1989.13 - serverFPS: 45.584
