28.10.2019 00:18:49: infiSTAR_PlayerConnected_id: 0
28.10.2019 00:18:49: infiSTAR_PlayerDisconnected_id: 0
28.10.2019 00:20:36: 0h 2min | Connected: Josh Bernstein(76561198071574538 - 4) - time: 106.911 - serverFPS: 45.584
28.10.2019 00:21:51: infiSTAR_PlayerConnected_id: 0
28.10.2019 00:21:51: infiSTAR_PlayerDisconnected_id: 0
28.10.2019 00:23:02: 0h 1min | Connected: Jackson(76561198192442694 - 4) - time: 70.288 - serverFPS: 45.584
28.10.2019 00:25:48: 0h 4min | Connected: Josh Bernstein(76561198071574538 - 5) - time: 236.644 - serverFPS: 45.1977
28.10.2019 00:27:20: 0h 6min | Disconnected: Jackson(76561198192442694 - 4) - time: 328.917 - serverFPS: 45.4545
28.10.2019 00:27:56: 0h 6min | Connected: Jackson(76561198192442694 - 6) - time: 363.935 - serverFPS: 45.7143
28.10.2019 00:38:35: infiSTAR_PlayerConnected_id: 0
28.10.2019 00:38:35: infiSTAR_PlayerDisconnected_id: 0
28.10.2019 00:45:33: 0h 7min | Connected: Jackson(76561198192442694 - 6) - time: 417.922 - serverFPS: 45.584
28.10.2019 02:17:29: 1h 39min | Disconnected: Jackson(76561198192442694 - 6) - time: 5933.59 - serverFPS: 45.4545
28.10.2019 03:22:33: infiSTAR_PlayerConnected_id: 0
28.10.2019 03:22:33: infiSTAR_PlayerDisconnected_id: 0
28.10.2019 03:23:31: 0h 1min | Connected: Jackson(76561198192442694 - 4) - time: 56.79 - serverFPS: 44.9438
28.10.2019 03:23:50: 0h 2min | Connected: Josh Bernstein(76561198071574538 - 5) - time: 75.996 - serverFPS: 45.3258
28.10.2019 03:26:25: 0h 4min | Disconnected: Jackson(76561198192442694 - 4) - time: 231.103 - serverFPS: 45.1977
28.10.2019 03:26:31: 0h 4min | Connected: Jackson(76561198192442694 - 4) - time: 236.712 - serverFPS: 45.584
28.10.2019 03:26:54: 0h 5min | Disconnected: Josh Bernstein(76561198071574538 - 5) - time: 259.59 - serverFPS: 45.7143
28.10.2019 03:28:35: 0h 6min | Disconnected: Jackson(76561198192442694 - 4) - time: 360.134 - serverFPS: 45.584
28.10.2019 03:40:53: infiSTAR_PlayerConnected_id: 0
28.10.2019 03:40:53: infiSTAR_PlayerDisconnected_id: 0
28.10.2019 03:43:49: 0h 3min | Connected: Jackson(76561198192442694 - 4) - time: 176.068 - serverFPS: 45.4545
28.10.2019 03:43:57: 0h 3min | Disconnected: Jackson(76561198192442694 - 4) - time: 183.968 - serverFPS: 45.1977
28.10.2019 03:44:31: 0h 4min | Connected: Josh Bernstein(76561198071574538 - 5) - time: 218.148 - serverFPS: 45.4545
28.10.2019 03:45:17: 0h 5min | Connected: Jackson(76561198192442694 - 6) - time: 263.322 - serverFPS: 45.584
28.10.2019 04:12:09: 0h 32min | Disconnected: Josh Bernstein(76561198071574538 - 5) - time: 1875.21 - serverFPS: 45.7143
28.10.2019 04:27:45: infiSTAR_PlayerConnected_id: 0
28.10.2019 04:27:45: infiSTAR_PlayerDisconnected_id: 0
28.10.2019 04:29:33: 0h 2min | Connected: Jackson(76561198192442694 - 4) - time: 107.576 - serverFPS: 45.4545
28.10.2019 04:30:20: 0h 3min | Connected: Josh Bernstein(76561198071574538 - 5) - time: 155.033 - serverFPS: 45.584
28.10.2019 04:52:44: 0h 25min | Disconnected: Josh Bernstein(76561198071574538 - 5) - time: 1498.4 - serverFPS: 45.4545
28.10.2019 04:53:13: 0h 26min | Disconnected: Jackson(76561198192442694 - 4) - time: 1527.63 - serverFPS: 45.584
