01.11.2019 16:24:22: 37h 60min | Connected: Josh Bernstein(76561198071574538 - 8) - time: 136761 - serverFPS: 45.3258
01.11.2019 16:34:25: 38h 10min | Disconnected: Josh Bernstein(76561198071574538 - 8) - time: 137364 - serverFPS: 45.584
01.11.2019 18:51:07: 40h 26min | Connected: Josh Bernstein(76561198071574538 - 9) - time: 145565 - serverFPS: 45.4545
01.11.2019 19:03:04: 40h 38min | Disconnected: Josh Bernstein(76561198071574538 - 9) - time: 146282 - serverFPS: 45.3258
01.11.2019 20:01:54: infiSTAR_PlayerConnected_id: 0
01.11.2019 20:01:54: infiSTAR_PlayerDisconnected_id: 0
01.11.2019 20:06:36: 0h 5min | Connected: Josh Bernstein(76561198071574538 - 5) - time: 285.08 - serverFPS: 45.0704
01.11.2019 20:16:52: 0h 15min | Disconnected: Josh Bernstein(76561198071574538 - 5) - time: 900.808 - serverFPS: 45.7143
01.11.2019 21:53:16: 1h 52min | Connected: Jackson(76561198192442694 - 6) - time: 6685.08 - serverFPS: 45.8453
01.11.2019 21:58:01: 1h 57min | Disconnected: Jackson(76561198192442694 - 6) - time: 6969.78 - serverFPS: 45.7143
01.11.2019 22:03:30: 2h 2min | Connected: Jackson(76561198192442694 - 7) - time: 7298.41 - serverFPS: 45.584
01.11.2019 22:14:56: infiSTAR_PlayerConnected_id: 0
01.11.2019 22:14:56: infiSTAR_PlayerDisconnected_id: 0
01.11.2019 22:15:28: 0h 1min | Connected: Jackson(76561198192442694 - 4) - time: 34.193 - serverFPS: 45.4545
01.11.2019 22:20:38: infiSTAR_PlayerConnected_id: 0
01.11.2019 22:20:38: infiSTAR_PlayerDisconnected_id: 0
01.11.2019 22:21:11: 0h 1min | Connected: Jackson(76561198192442694 - 4) - time: 35.643 - serverFPS: 45.4545
01.11.2019 22:24:06: infiSTAR_PlayerConnected_id: 0
01.11.2019 22:24:06: infiSTAR_PlayerDisconnected_id: 0
01.11.2019 22:25:02: 0h 1min | Connected: Jackson(76561198192442694 - 4) - time: 57.979 - serverFPS: 45.4545
01.11.2019 22:55:48: infiSTAR_PlayerConnected_id: 0
01.11.2019 22:55:48: infiSTAR_PlayerDisconnected_id: 0
01.11.2019 22:57:02: 0h 2min | Connected: Jackson(76561198192442694 - 4) - time: 75.918 - serverFPS: 45.3258
01.11.2019 23:02:45: infiSTAR_PlayerConnected_id: 0
01.11.2019 23:02:45: infiSTAR_PlayerDisconnected_id: 0
01.11.2019 23:03:46: 0h 1min | Connected: Jackson(76561198192442694 - 4) - time: 63.962 - serverFPS: 45.584
01.11.2019 23:06:52: 0h 5min | Disconnected: Jackson(76561198192442694 - 4) - time: 250.063 - serverFPS: 45.4545
