27.10.2019 04:13:59: Checking infiSTAR license..
27.10.2019 04:13:59: infiSTAR customerID found.
27.10.2019 04:13:59: infiSTAR productLicense found.
27.10.2019 04:14:00: infiSTAR license result: ok
27.10.2019 04:39:33: Checking infiSTAR license..
27.10.2019 04:39:33: infiSTAR customerID found.
27.10.2019 04:39:33: infiSTAR productLicense found.
27.10.2019 04:39:33: infiSTAR serverName found: Enlightened Networks | Development | Coming Soon!
27.10.2019 04:39:34: infiSTAR license result: ok
27.10.2019 20:47:12: Checking infiSTAR license..
27.10.2019 20:47:12: infiSTAR customerID found.
27.10.2019 20:47:12: infiSTAR productLicense found.
27.10.2019 20:47:12: infiSTAR serverName found: Enlightened Networks | Development | Coming Soon!
27.10.2019 20:47:12: infiSTAR license result: ok
27.10.2019 21:52:30: Checking infiSTAR license..
27.10.2019 21:52:30: infiSTAR customerID found.
27.10.2019 21:52:30: infiSTAR productLicense found.
27.10.2019 21:52:30: infiSTAR serverName found: Enlightened Networks | Development | Coming Soon!
27.10.2019 21:52:31: infiSTAR license result: ok
27.10.2019 22:25:00: Checking infiSTAR license..
27.10.2019 22:25:00: infiSTAR customerID found.
27.10.2019 22:25:00: infiSTAR productLicense found.
27.10.2019 22:25:00: infiSTAR serverName found: Enlightened Networks | Development | Coming Soon!
27.10.2019 22:25:01: infiSTAR license result: ok
28.10.2019 00:18:48: Checking infiSTAR license..
28.10.2019 00:18:48: infiSTAR customerID found.
28.10.2019 00:18:48: infiSTAR productLicense found.
28.10.2019 00:18:48: infiSTAR serverName found: Enlightened Networks | Development | Coming Soon!
28.10.2019 00:18:48: infiSTAR license result: ok
28.10.2019 00:21:50: Checking infiSTAR license..
28.10.2019 00:21:50: infiSTAR customerID found.
28.10.2019 00:21:50: infiSTAR productLicense found.
28.10.2019 00:21:50: infiSTAR serverName found: Enlightened Networks | Development | Coming Soon!
28.10.2019 00:21:50: infiSTAR license result: ok
28.10.2019 00:38:33: Checking infiSTAR license..
28.10.2019 00:38:33: infiSTAR customerID found.
28.10.2019 00:38:33: infiSTAR productLicense found.
28.10.2019 00:38:33: infiSTAR serverName found: Enlightened Networks | Development | Coming Soon!
28.10.2019 00:38:34: infiSTAR license result: ok
28.10.2019 03:22:32: Checking infiSTAR license..
28.10.2019 03:22:32: infiSTAR customerID found.
28.10.2019 03:22:32: infiSTAR productLicense found.
28.10.2019 03:22:32: infiSTAR serverName found: Enlightened Networks | Development | Coming Soon!
28.10.2019 03:22:32: infiSTAR license result: ok
28.10.2019 03:40:51: Checking infiSTAR license..
28.10.2019 03:40:51: infiSTAR customerID found.
28.10.2019 03:40:51: infiSTAR productLicense found.
28.10.2019 03:40:51: infiSTAR serverName found: Enlightened Networks | Development | Coming Soon!
28.10.2019 03:40:52: infiSTAR license result: ok
28.10.2019 04:27:43: Checking infiSTAR license..
28.10.2019 04:27:43: infiSTAR customerID found.
28.10.2019 04:27:43: infiSTAR productLicense found.
28.10.2019 04:27:43: infiSTAR serverName found: Enlightened Networks | Development | Coming Soon!
28.10.2019 04:27:44: infiSTAR license result: ok
29.10.2019 16:45:37: Checking infiSTAR license..
29.10.2019 16:45:37: infiSTAR customerID found.
29.10.2019 16:45:37: infiSTAR productLicense found.
29.10.2019 16:45:37: infiSTAR serverName found: Enlightened Networks | Development | Coming Soon!
29.10.2019 16:45:38: infiSTAR license result: ok
29.10.2019 16:58:09: Checking infiSTAR license..
29.10.2019 16:58:09: infiSTAR customerID found.
29.10.2019 16:58:09: infiSTAR productLicense found.
29.10.2019 16:58:09: infiSTAR serverName found: Enlightened Networks | Development | Coming Soon!
29.10.2019 16:58:10: infiSTAR license result: ok
29.10.2019 17:01:05: Checking infiSTAR license..
29.10.2019 17:01:05: infiSTAR customerID found.
29.10.2019 17:01:05: infiSTAR productLicense found.
29.10.2019 17:01:05: infiSTAR serverName found: Enlightened Networks | Development | Coming Soon!
29.10.2019 17:01:06: infiSTAR license result: ok
29.10.2019 17:02:59: Checking infiSTAR license..
29.10.2019 17:02:59: infiSTAR customerID found.
29.10.2019 17:02:59: infiSTAR productLicense found.
29.10.2019 17:02:59: infiSTAR serverName found: Enlightened Networks | Development | Coming Soon!
29.10.2019 17:03:00: infiSTAR license result: ok
30.10.2019 16:21:37: Checking infiSTAR license..
30.10.2019 16:21:37: infiSTAR customerID found.
30.10.2019 16:21:37: infiSTAR productLicense found.
30.10.2019 16:21:37: infiSTAR serverName found: Enlightened Networks | Development | Coming Soon!
30.10.2019 16:21:37: infiSTAR license result: ok
31.10.2019 02:24:57: Checking infiSTAR license..
31.10.2019 02:24:57: infiSTAR customerID found.
31.10.2019 02:24:57: infiSTAR productLicense found.
31.10.2019 02:24:57: infiSTAR serverName found: Enlightened Networks | Development | Coming Soon!
31.10.2019 02:24:58: infiSTAR license result: ok
01.11.2019 20:01:52: Checking infiSTAR license..
01.11.2019 20:01:52: infiSTAR customerID found.
01.11.2019 20:01:52: infiSTAR productLicense found.
01.11.2019 20:01:52: infiSTAR serverName found: Enlightened Networks | Development | Coming Soon!
01.11.2019 20:01:53: infiSTAR license result: ok
01.11.2019 22:14:55: Checking infiSTAR license..
01.11.2019 22:14:55: infiSTAR customerID found.
01.11.2019 22:14:55: infiSTAR productLicense found.
01.11.2019 22:14:55: infiSTAR serverName found: Enlightened Networks | Development | Coming Soon!
01.11.2019 22:14:56: infiSTAR license result: ok
01.11.2019 22:20:36: Checking infiSTAR license..
01.11.2019 22:20:36: infiSTAR customerID found.
01.11.2019 22:20:36: infiSTAR productLicense found.
01.11.2019 22:20:36: infiSTAR serverName found: Enlightened Networks | Development | Coming Soon!
01.11.2019 22:20:37: infiSTAR license result: ok
01.11.2019 22:24:05: Checking infiSTAR license..
01.11.2019 22:24:05: infiSTAR customerID found.
01.11.2019 22:24:05: infiSTAR productLicense found.
01.11.2019 22:24:05: infiSTAR serverName found: Enlightened Networks | Development | Coming Soon!
01.11.2019 22:24:05: infiSTAR license result: ok
01.11.2019 22:55:47: Checking infiSTAR license..
01.11.2019 22:55:47: infiSTAR customerID found.
01.11.2019 22:55:47: infiSTAR productLicense found.
01.11.2019 22:55:47: infiSTAR serverName found: Enlightened Networks | Development | Coming Soon!
01.11.2019 22:55:48: infiSTAR license result: ok
01.11.2019 23:02:43: Checking infiSTAR license..
01.11.2019 23:02:43: infiSTAR customerID found.
01.11.2019 23:02:43: infiSTAR productLicense found.
01.11.2019 23:02:43: infiSTAR serverName found: Enlightened Networks | Development | Coming Soon!
01.11.2019 23:02:44: infiSTAR license result: ok
